<?xml version="1.0" encoding="UTF-8"?>
<!-- Generated by org.testng.reporters.JUnitReportReporter -->
<testsuite skipped="0" hostname="LAPTOP-MHPMHPJB" name="day6.ExtentExample" tests="1" failures="0" timestamp="2021-09-16T18:00:21 IST" time="4.629" errors="0">
  <testcase name="f" time="4.629" classname="day6.ExtentExample"/>
  <system-out/>
</testsuite> <!-- day6.ExtentExample -->
